


ARM Macro Assembler    Page 1 


    1 00000000         ; Copyright (c) 2013, Nordic Semiconductor ASA
    2 00000000         ; All rights reserved.
    3 00000000         ; 
    4 00000000         ; Redistribution and use in source and binary forms, wit
                       h or without
    5 00000000         ; modification, are permitted provided that the followin
                       g conditions are met:
    6 00000000         ; 
    7 00000000         ; * Redistributions of source code must retain the above
                        copyright notice, this
    8 00000000         ;   list of conditions and the following disclaimer.
    9 00000000         ; 
   10 00000000         ; * Redistributions in binary form must reproduce the ab
                       ove copyright notice,
   11 00000000         ;   this list of conditions and the following disclaimer
                        in the documentation
   12 00000000         ;   and/or other materials provided with the distributio
                       n.
   13 00000000         ; 
   14 00000000         ; * Neither the name of Nordic Semiconductor ASA nor the
                        names of its
   15 00000000         ;   contributors may be used to endorse or promote produ
                       cts derived from
   16 00000000         ;   this software without specific prior written permiss
                       ion.
   17 00000000         ; 
   18 00000000         ; THIS SOFTWARE IS PROVIDED BY THE COPYRIGHT HOLDERS AND
                        CONTRIBUTORS "AS IS"
   19 00000000         ; AND ANY EXPRESS OR IMPLIED WARRANTIES, INCLUDING, BUT 
                       NOT LIMITED TO, THE
   20 00000000         ; IMPLIED WARRANTIES OF MERCHANTABILITY AND FITNESS FOR 
                       A PARTICULAR PURPOSE ARE
   21 00000000         ; DISCLAIMED. IN NO EVENT SHALL THE COPYRIGHT HOLDER OR 
                       CONTRIBUTORS BE LIABLE
   22 00000000         ; FOR ANY DIRECT, INDIRECT, INCIDENTAL, SPECIAL, EXEMPLA
                       RY, OR CONSEQUENTIAL
   23 00000000         ; DAMAGES (INCLUDING, BUT NOT LIMITED TO, PROCUREMENT OF
                        SUBSTITUTE GOODS OR
   24 00000000         ; SERVICES; LOSS OF USE, DATA, OR PROFITS; OR BUSINESS I
                       NTERRUPTION) HOWEVER
   25 00000000         ; CAUSED AND ON ANY THEORY OF LIABILITY, WHETHER IN CONT
                       RACT, STRICT LIABILITY,
   26 00000000         ; OR TORT (INCLUDING NEGLIGENCE OR OTHERWISE) ARISING IN
                        ANY WAY OUT OF THE USE
   27 00000000         ; OF THIS SOFTWARE, EVEN IF ADVISED OF THE POSSIBILITY O
                       F SUCH DAMAGE.
   28 00000000         
   29 00000000         ; NOTE: Template files (including this one) are applicat
                       ion specific and therefore 
   30 00000000         ; expected to be copied into the application project fol
                       der prior to its use!
   31 00000000         
   32 00000000         ; Description message
   33 00000000         
   34 00000000 00000800 
                       Stack_Size
                               EQU              2048
   35 00000000                 AREA             STACK, NOINIT, READWRITE, ALIGN
=3



ARM Macro Assembler    Page 2 


   36 00000000         Stack_Mem
                               SPACE            Stack_Size
   37 00000800         __initial_sp
   38 00000800         
   39 00000800 00000400 
                       Heap_Size
                               EQU              1024
   40 00000800         
   41 00000800                 AREA             HEAP, NOINIT, READWRITE, ALIGN=
3
   42 00000000         __heap_base
   43 00000000         Heap_Mem
                               SPACE            Heap_Size
   44 00000400         __heap_limit
   45 00000400         
   46 00000400                 PRESERVE8
   47 00000400                 THUMB
   48 00000400         
   49 00000400         ; Vector Table Mapped to Address 0 at Reset
   50 00000400         
   51 00000400                 AREA             RESET, DATA, READONLY
   52 00000000                 EXPORT           __Vectors
   53 00000000                 EXPORT           __Vectors_End
   54 00000000                 EXPORT           __Vectors_Size
   55 00000000         
   56 00000000 00000000 
                       __Vectors
                               DCD              __initial_sp ; Top of Stack
   57 00000004 00000000        DCD              Reset_Handler ; Reset Handler
   58 00000008 00000000        DCD              NMI_Handler ; NMI Handler
   59 0000000C 00000000        DCD              HardFault_Handler ; Hard Fault 
                                                            Handler
   60 00000010 00000000        DCD              0           ; Reserved
   61 00000014 00000000        DCD              0           ; Reserved
   62 00000018 00000000        DCD              0           ; Reserved
   63 0000001C 00000000        DCD              0           ; Reserved
   64 00000020 00000000        DCD              0           ; Reserved
   65 00000024 00000000        DCD              0           ; Reserved
   66 00000028 00000000        DCD              0           ; Reserved
   67 0000002C 00000000        DCD              SVC_Handler ; SVCall Handler
   68 00000030 00000000        DCD              0           ; Reserved
   69 00000034 00000000        DCD              0           ; Reserved
   70 00000038 00000000        DCD              PendSV_Handler ; PendSV Handler
                                                            
   71 0000003C 00000000        DCD              SysTick_Handler 
                                                            ; SysTick Handler
   72 00000040         
   73 00000040         ; External Interrupts
   74 00000040 00000000        DCD              POWER_CLOCK_IRQHandler 
                                                            ;POWER_CLOCK
   75 00000044 00000000        DCD              RADIO_IRQHandler ;RADIO
   76 00000048 00000000        DCD              UART0_IRQHandler ;UART0
   77 0000004C 00000000        DCD              SPI0_TWI0_IRQHandler ;SPI0_TWI0
                                                            
   78 00000050 00000000        DCD              SPI1_TWI1_IRQHandler ;SPI1_TWI1
                                                            
   79 00000054 00000000        DCD              0           ;Reserved
   80 00000058 00000000        DCD              GPIOTE_IRQHandler ;GPIOTE
   81 0000005C 00000000        DCD              ADC_IRQHandler ;ADC



ARM Macro Assembler    Page 3 


   82 00000060 00000000        DCD              TIMER0_IRQHandler ;TIMER0
   83 00000064 00000000        DCD              TIMER1_IRQHandler ;TIMER1
   84 00000068 00000000        DCD              TIMER2_IRQHandler ;TIMER2
   85 0000006C 00000000        DCD              RTC0_IRQHandler ;RTC0
   86 00000070 00000000        DCD              TEMP_IRQHandler ;TEMP
   87 00000074 00000000        DCD              RNG_IRQHandler ;RNG
   88 00000078 00000000        DCD              ECB_IRQHandler ;ECB
   89 0000007C 00000000        DCD              CCM_AAR_IRQHandler ;CCM_AAR
   90 00000080 00000000        DCD              WDT_IRQHandler ;WDT
   91 00000084 00000000        DCD              RTC1_IRQHandler ;RTC1
   92 00000088 00000000        DCD              QDEC_IRQHandler ;QDEC
   93 0000008C 00000000        DCD              LPCOMP_IRQHandler ;LPCOMP
   94 00000090 00000000        DCD              SWI0_IRQHandler ;SWI0
   95 00000094 00000000        DCD              SWI1_IRQHandler ;SWI1
   96 00000098 00000000        DCD              SWI2_IRQHandler ;SWI2
   97 0000009C 00000000        DCD              SWI3_IRQHandler ;SWI3
   98 000000A0 00000000        DCD              SWI4_IRQHandler ;SWI4
   99 000000A4 00000000        DCD              SWI5_IRQHandler ;SWI5
  100 000000A8 00000000        DCD              0           ;Reserved
  101 000000AC 00000000        DCD              0           ;Reserved
  102 000000B0 00000000        DCD              0           ;Reserved
  103 000000B4 00000000        DCD              0           ;Reserved
  104 000000B8 00000000        DCD              0           ;Reserved
  105 000000BC 00000000        DCD              0           ;Reserved
  106 000000C0         
  107 000000C0         
  108 000000C0         __Vectors_End
  109 000000C0         
  110 000000C0 000000C0 
                       __Vectors_Size
                               EQU              __Vectors_End - __Vectors
  111 000000C0         
  112 000000C0                 AREA             |.text|, CODE, READONLY
  113 00000000         
  114 00000000         ; Reset Handler
  115 00000000         
  116 00000000 40000524 
                       NRF_POWER_RAMON_ADDRESS
                               EQU              0x40000524  ; NRF_POWER->RAMON 
                                                            address
  117 00000000 40000554 
                       NRF_POWER_RAMONB_ADDRESS
                               EQU              0x40000554  ; NRF_POWER->RAMONB
                                                             address
  118 00000000 00000003 
                       NRF_POWER_RAMONx_RAMxON_ONMODE_Msk
                               EQU              0x3         ; All RAM blocks on
                                                             in onmode bit mask
                                                            
  119 00000000         
  120 00000000         Reset_Handler
                               PROC
  121 00000000                 EXPORT           Reset_Handler             [WEAK
]
  122 00000000                 IMPORT           SystemInit
  123 00000000                 IMPORT           __main
  124 00000000         
  125 00000000 2103            MOVS             R1, #NRF_POWER_RAMONx_RAMxON_ON
MODE_Msk



ARM Macro Assembler    Page 4 


  126 00000002         
  127 00000002 480C            LDR              R0, =NRF_POWER_RAMON_ADDRESS
  128 00000004 6802            LDR              R2, [R0]
  129 00000006 430A            ORRS             R2, R2, R1
  130 00000008 6002            STR              R2, [R0]
  131 0000000A         
  132 0000000A 480B            LDR              R0, =NRF_POWER_RAMONB_ADDRESS
  133 0000000C 6802            LDR              R2, [R0]
  134 0000000E 430A            ORRS             R2, R2, R1
  135 00000010 6002            STR              R2, [R0]
  136 00000012         
  137 00000012 480A            LDR              R0, =SystemInit
  138 00000014 4780            BLX              R0
  139 00000016 480A            LDR              R0, =__main
  140 00000018 4700            BX               R0
  141 0000001A                 ENDP
  142 0000001A         
  143 0000001A         ; Dummy Exception Handlers (infinite loops which can be 
                       modified)
  144 0000001A         
  145 0000001A         NMI_Handler
                               PROC
  146 0000001A                 EXPORT           NMI_Handler               [WEAK
]
  147 0000001A E7FE            B                .
  148 0000001C                 ENDP
  150 0000001C         HardFault_Handler
                               PROC
  151 0000001C                 EXPORT           HardFault_Handler         [WEAK
]
  152 0000001C E7FE            B                .
  153 0000001E                 ENDP
  154 0000001E         SVC_Handler
                               PROC
  155 0000001E                 EXPORT           SVC_Handler               [WEAK
]
  156 0000001E E7FE            B                .
  157 00000020                 ENDP
  158 00000020         PendSV_Handler
                               PROC
  159 00000020                 EXPORT           PendSV_Handler            [WEAK
]
  160 00000020 E7FE            B                .
  161 00000022                 ENDP
  162 00000022         SysTick_Handler
                               PROC
  163 00000022                 EXPORT           SysTick_Handler           [WEAK
]
  164 00000022 E7FE            B                .
  165 00000024                 ENDP
  166 00000024         
  167 00000024         Default_Handler
                               PROC
  168 00000024         
  169 00000024                 EXPORT           POWER_CLOCK_IRQHandler [WEAK]
  170 00000024                 EXPORT           RADIO_IRQHandler [WEAK]
  171 00000024                 EXPORT           UART0_IRQHandler [WEAK]
  172 00000024                 EXPORT           SPI0_TWI0_IRQHandler [WEAK]
  173 00000024                 EXPORT           SPI1_TWI1_IRQHandler [WEAK]



ARM Macro Assembler    Page 5 


  174 00000024                 EXPORT           GPIOTE_IRQHandler [WEAK]
  175 00000024                 EXPORT           ADC_IRQHandler [WEAK]
  176 00000024                 EXPORT           TIMER0_IRQHandler [WEAK]
  177 00000024                 EXPORT           TIMER1_IRQHandler [WEAK]
  178 00000024                 EXPORT           TIMER2_IRQHandler [WEAK]
  179 00000024                 EXPORT           RTC0_IRQHandler [WEAK]
  180 00000024                 EXPORT           TEMP_IRQHandler [WEAK]
  181 00000024                 EXPORT           RNG_IRQHandler [WEAK]
  182 00000024                 EXPORT           ECB_IRQHandler [WEAK]
  183 00000024                 EXPORT           CCM_AAR_IRQHandler [WEAK]
  184 00000024                 EXPORT           WDT_IRQHandler [WEAK]
  185 00000024                 EXPORT           RTC1_IRQHandler [WEAK]
  186 00000024                 EXPORT           QDEC_IRQHandler [WEAK]
  187 00000024                 EXPORT           LPCOMP_IRQHandler [WEAK]
  188 00000024                 EXPORT           SWI0_IRQHandler [WEAK]
  189 00000024                 EXPORT           SWI1_IRQHandler [WEAK]
  190 00000024                 EXPORT           SWI2_IRQHandler [WEAK]
  191 00000024                 EXPORT           SWI3_IRQHandler [WEAK]
  192 00000024                 EXPORT           SWI4_IRQHandler [WEAK]
  193 00000024                 EXPORT           SWI5_IRQHandler [WEAK]
  194 00000024         POWER_CLOCK_IRQHandler
  195 00000024         RADIO_IRQHandler
  196 00000024         UART0_IRQHandler
  197 00000024         SPI0_TWI0_IRQHandler
  198 00000024         SPI1_TWI1_IRQHandler
  199 00000024         GPIOTE_IRQHandler
  200 00000024         ADC_IRQHandler
  201 00000024         TIMER0_IRQHandler
  202 00000024         TIMER1_IRQHandler
  203 00000024         TIMER2_IRQHandler
  204 00000024         RTC0_IRQHandler
  205 00000024         TEMP_IRQHandler
  206 00000024         RNG_IRQHandler
  207 00000024         ECB_IRQHandler
  208 00000024         CCM_AAR_IRQHandler
  209 00000024         WDT_IRQHandler
  210 00000024         RTC1_IRQHandler
  211 00000024         QDEC_IRQHandler
  212 00000024         LPCOMP_IRQHandler
  213 00000024         SWI0_IRQHandler
  214 00000024         SWI1_IRQHandler
  215 00000024         SWI2_IRQHandler
  216 00000024         SWI3_IRQHandler
  217 00000024         SWI4_IRQHandler
  218 00000024         SWI5_IRQHandler
  219 00000024         
  220 00000024 E7FE            B                .
  221 00000026                 ENDP
  222 00000026 00 00           ALIGN
  223 00000028         
  224 00000028         ; User Initial Stack & Heap
  225 00000028         
  226 00000028                 IF               :DEF:__MICROLIB
  233 00000028         
  234 00000028                 IMPORT           __use_two_region_memory
  235 00000028                 EXPORT           __user_initial_stackheap
  236 00000028         __user_initial_stackheap
  237 00000028         
  238 00000028 4806            LDR              R0, = Heap_Mem



ARM Macro Assembler    Page 6 


  239 0000002A 4907            LDR              R1, = (Stack_Mem + Stack_Size)
  240 0000002C 4A07            LDR              R2, = (Heap_Mem + Heap_Size)
  241 0000002E 4B08            LDR              R3, = Stack_Mem
  242 00000030 4770            BX               LR
  243 00000032         
  244 00000032 00 00           ALIGN
  245 00000034         
  246 00000034                 ENDIF
  247 00000034         
  248 00000034                 END
              40000524 
              40000554 
              00000000 
              00000000 
              00000000 
              00000800 
              00000400 
              00000000 
Command Line: --debug --xref --cpu=Cortex-M0 --apcs=interwork --depend=.\_build
\arm_startup_nrf51.d -o.\_build\arm_startup_nrf51.o -IC:\Keil_v5\ARM\RV31\INC -
IC:\Keil_v5\ARM\PACK\ARM\CMSIS\3.20.4\CMSIS\Include -IC:\Keil_v5\ARM\Device\Nor
dic\nRF51822\Include --list=.\_build\arm_startup_nrf51.lst ..\arm_startup_nrf51
.s



ARM Macro Assembler    Page 1 Alphabetic symbol ordering
Relocatable symbols

STACK 00000000

Symbol: STACK
   Definitions
      At line 35 in file ..\arm_startup_nrf51.s
   Uses
      None
Comment: STACK unused
Stack_Mem 00000000

Symbol: Stack_Mem
   Definitions
      At line 36 in file ..\arm_startup_nrf51.s
   Uses
      At line 239 in file ..\arm_startup_nrf51.s
      At line 241 in file ..\arm_startup_nrf51.s

__initial_sp 00000800

Symbol: __initial_sp
   Definitions
      At line 37 in file ..\arm_startup_nrf51.s
   Uses
      At line 56 in file ..\arm_startup_nrf51.s
Comment: __initial_sp used once
3 symbols



ARM Macro Assembler    Page 1 Alphabetic symbol ordering
Relocatable symbols

HEAP 00000000

Symbol: HEAP
   Definitions
      At line 41 in file ..\arm_startup_nrf51.s
   Uses
      None
Comment: HEAP unused
Heap_Mem 00000000

Symbol: Heap_Mem
   Definitions
      At line 43 in file ..\arm_startup_nrf51.s
   Uses
      At line 238 in file ..\arm_startup_nrf51.s
      At line 240 in file ..\arm_startup_nrf51.s

__heap_base 00000000

Symbol: __heap_base
   Definitions
      At line 42 in file ..\arm_startup_nrf51.s
   Uses
      None
Comment: __heap_base unused
__heap_limit 00000400

Symbol: __heap_limit
   Definitions
      At line 44 in file ..\arm_startup_nrf51.s
   Uses
      None
Comment: __heap_limit unused
4 symbols



ARM Macro Assembler    Page 1 Alphabetic symbol ordering
Relocatable symbols

RESET 00000000

Symbol: RESET
   Definitions
      At line 51 in file ..\arm_startup_nrf51.s
   Uses
      None
Comment: RESET unused
__Vectors 00000000

Symbol: __Vectors
   Definitions
      At line 56 in file ..\arm_startup_nrf51.s
   Uses
      At line 52 in file ..\arm_startup_nrf51.s
      At line 110 in file ..\arm_startup_nrf51.s

__Vectors_End 000000C0

Symbol: __Vectors_End
   Definitions
      At line 108 in file ..\arm_startup_nrf51.s
   Uses
      At line 53 in file ..\arm_startup_nrf51.s
      At line 110 in file ..\arm_startup_nrf51.s

3 symbols



ARM Macro Assembler    Page 1 Alphabetic symbol ordering
Relocatable symbols

.text 00000000

Symbol: .text
   Definitions
      At line 112 in file ..\arm_startup_nrf51.s
   Uses
      None
Comment: .text unused
ADC_IRQHandler 00000024

Symbol: ADC_IRQHandler
   Definitions
      At line 200 in file ..\arm_startup_nrf51.s
   Uses
      At line 81 in file ..\arm_startup_nrf51.s
      At line 175 in file ..\arm_startup_nrf51.s

CCM_AAR_IRQHandler 00000024

Symbol: CCM_AAR_IRQHandler
   Definitions
      At line 208 in file ..\arm_startup_nrf51.s
   Uses
      At line 89 in file ..\arm_startup_nrf51.s
      At line 183 in file ..\arm_startup_nrf51.s

Default_Handler 00000024

Symbol: Default_Handler
   Definitions
      At line 167 in file ..\arm_startup_nrf51.s
   Uses
      None
Comment: Default_Handler unused
ECB_IRQHandler 00000024

Symbol: ECB_IRQHandler
   Definitions
      At line 207 in file ..\arm_startup_nrf51.s
   Uses
      At line 88 in file ..\arm_startup_nrf51.s
      At line 182 in file ..\arm_startup_nrf51.s

GPIOTE_IRQHandler 00000024

Symbol: GPIOTE_IRQHandler
   Definitions
      At line 199 in file ..\arm_startup_nrf51.s
   Uses
      At line 80 in file ..\arm_startup_nrf51.s
      At line 174 in file ..\arm_startup_nrf51.s

HardFault_Handler 0000001C

Symbol: HardFault_Handler
   Definitions
      At line 150 in file ..\arm_startup_nrf51.s
   Uses
      At line 59 in file ..\arm_startup_nrf51.s



ARM Macro Assembler    Page 2 Alphabetic symbol ordering
Relocatable symbols

      At line 151 in file ..\arm_startup_nrf51.s

LPCOMP_IRQHandler 00000024

Symbol: LPCOMP_IRQHandler
   Definitions
      At line 212 in file ..\arm_startup_nrf51.s
   Uses
      At line 93 in file ..\arm_startup_nrf51.s
      At line 187 in file ..\arm_startup_nrf51.s

NMI_Handler 0000001A

Symbol: NMI_Handler
   Definitions
      At line 145 in file ..\arm_startup_nrf51.s
   Uses
      At line 58 in file ..\arm_startup_nrf51.s
      At line 146 in file ..\arm_startup_nrf51.s

POWER_CLOCK_IRQHandler 00000024

Symbol: POWER_CLOCK_IRQHandler
   Definitions
      At line 194 in file ..\arm_startup_nrf51.s
   Uses
      At line 74 in file ..\arm_startup_nrf51.s
      At line 169 in file ..\arm_startup_nrf51.s

PendSV_Handler 00000020

Symbol: PendSV_Handler
   Definitions
      At line 158 in file ..\arm_startup_nrf51.s
   Uses
      At line 70 in file ..\arm_startup_nrf51.s
      At line 159 in file ..\arm_startup_nrf51.s

QDEC_IRQHandler 00000024

Symbol: QDEC_IRQHandler
   Definitions
      At line 211 in file ..\arm_startup_nrf51.s
   Uses
      At line 92 in file ..\arm_startup_nrf51.s
      At line 186 in file ..\arm_startup_nrf51.s

RADIO_IRQHandler 00000024

Symbol: RADIO_IRQHandler
   Definitions
      At line 195 in file ..\arm_startup_nrf51.s
   Uses
      At line 75 in file ..\arm_startup_nrf51.s
      At line 170 in file ..\arm_startup_nrf51.s

RNG_IRQHandler 00000024

Symbol: RNG_IRQHandler



ARM Macro Assembler    Page 3 Alphabetic symbol ordering
Relocatable symbols

   Definitions
      At line 206 in file ..\arm_startup_nrf51.s
   Uses
      At line 87 in file ..\arm_startup_nrf51.s
      At line 181 in file ..\arm_startup_nrf51.s

RTC0_IRQHandler 00000024

Symbol: RTC0_IRQHandler
   Definitions
      At line 204 in file ..\arm_startup_nrf51.s
   Uses
      At line 85 in file ..\arm_startup_nrf51.s
      At line 179 in file ..\arm_startup_nrf51.s

RTC1_IRQHandler 00000024

Symbol: RTC1_IRQHandler
   Definitions
      At line 210 in file ..\arm_startup_nrf51.s
   Uses
      At line 91 in file ..\arm_startup_nrf51.s
      At line 185 in file ..\arm_startup_nrf51.s

Reset_Handler 00000000

Symbol: Reset_Handler
   Definitions
      At line 120 in file ..\arm_startup_nrf51.s
   Uses
      At line 57 in file ..\arm_startup_nrf51.s
      At line 121 in file ..\arm_startup_nrf51.s

SPI0_TWI0_IRQHandler 00000024

Symbol: SPI0_TWI0_IRQHandler
   Definitions
      At line 197 in file ..\arm_startup_nrf51.s
   Uses
      At line 77 in file ..\arm_startup_nrf51.s
      At line 172 in file ..\arm_startup_nrf51.s

SPI1_TWI1_IRQHandler 00000024

Symbol: SPI1_TWI1_IRQHandler
   Definitions
      At line 198 in file ..\arm_startup_nrf51.s
   Uses
      At line 78 in file ..\arm_startup_nrf51.s
      At line 173 in file ..\arm_startup_nrf51.s

SVC_Handler 0000001E

Symbol: SVC_Handler
   Definitions
      At line 154 in file ..\arm_startup_nrf51.s
   Uses
      At line 67 in file ..\arm_startup_nrf51.s
      At line 155 in file ..\arm_startup_nrf51.s



ARM Macro Assembler    Page 4 Alphabetic symbol ordering
Relocatable symbols


SWI0_IRQHandler 00000024

Symbol: SWI0_IRQHandler
   Definitions
      At line 213 in file ..\arm_startup_nrf51.s
   Uses
      At line 94 in file ..\arm_startup_nrf51.s
      At line 188 in file ..\arm_startup_nrf51.s

SWI1_IRQHandler 00000024

Symbol: SWI1_IRQHandler
   Definitions
      At line 214 in file ..\arm_startup_nrf51.s
   Uses
      At line 95 in file ..\arm_startup_nrf51.s
      At line 189 in file ..\arm_startup_nrf51.s

SWI2_IRQHandler 00000024

Symbol: SWI2_IRQHandler
   Definitions
      At line 215 in file ..\arm_startup_nrf51.s
   Uses
      At line 96 in file ..\arm_startup_nrf51.s
      At line 190 in file ..\arm_startup_nrf51.s

SWI3_IRQHandler 00000024

Symbol: SWI3_IRQHandler
   Definitions
      At line 216 in file ..\arm_startup_nrf51.s
   Uses
      At line 97 in file ..\arm_startup_nrf51.s
      At line 191 in file ..\arm_startup_nrf51.s

SWI4_IRQHandler 00000024

Symbol: SWI4_IRQHandler
   Definitions
      At line 217 in file ..\arm_startup_nrf51.s
   Uses
      At line 98 in file ..\arm_startup_nrf51.s
      At line 192 in file ..\arm_startup_nrf51.s

SWI5_IRQHandler 00000024

Symbol: SWI5_IRQHandler
   Definitions
      At line 218 in file ..\arm_startup_nrf51.s
   Uses
      At line 99 in file ..\arm_startup_nrf51.s
      At line 193 in file ..\arm_startup_nrf51.s

SysTick_Handler 00000022

Symbol: SysTick_Handler
   Definitions



ARM Macro Assembler    Page 5 Alphabetic symbol ordering
Relocatable symbols

      At line 162 in file ..\arm_startup_nrf51.s
   Uses
      At line 71 in file ..\arm_startup_nrf51.s
      At line 163 in file ..\arm_startup_nrf51.s

TEMP_IRQHandler 00000024

Symbol: TEMP_IRQHandler
   Definitions
      At line 205 in file ..\arm_startup_nrf51.s
   Uses
      At line 86 in file ..\arm_startup_nrf51.s
      At line 180 in file ..\arm_startup_nrf51.s

TIMER0_IRQHandler 00000024

Symbol: TIMER0_IRQHandler
   Definitions
      At line 201 in file ..\arm_startup_nrf51.s
   Uses
      At line 82 in file ..\arm_startup_nrf51.s
      At line 176 in file ..\arm_startup_nrf51.s

TIMER1_IRQHandler 00000024

Symbol: TIMER1_IRQHandler
   Definitions
      At line 202 in file ..\arm_startup_nrf51.s
   Uses
      At line 83 in file ..\arm_startup_nrf51.s
      At line 177 in file ..\arm_startup_nrf51.s

TIMER2_IRQHandler 00000024

Symbol: TIMER2_IRQHandler
   Definitions
      At line 203 in file ..\arm_startup_nrf51.s
   Uses
      At line 84 in file ..\arm_startup_nrf51.s
      At line 178 in file ..\arm_startup_nrf51.s

UART0_IRQHandler 00000024

Symbol: UART0_IRQHandler
   Definitions
      At line 196 in file ..\arm_startup_nrf51.s
   Uses
      At line 76 in file ..\arm_startup_nrf51.s
      At line 171 in file ..\arm_startup_nrf51.s

WDT_IRQHandler 00000024

Symbol: WDT_IRQHandler
   Definitions
      At line 209 in file ..\arm_startup_nrf51.s
   Uses
      At line 90 in file ..\arm_startup_nrf51.s
      At line 184 in file ..\arm_startup_nrf51.s




ARM Macro Assembler    Page 6 Alphabetic symbol ordering
Relocatable symbols

__user_initial_stackheap 00000028

Symbol: __user_initial_stackheap
   Definitions
      At line 236 in file ..\arm_startup_nrf51.s
   Uses
      At line 235 in file ..\arm_startup_nrf51.s
Comment: __user_initial_stackheap used once
34 symbols



ARM Macro Assembler    Page 1 Alphabetic symbol ordering
Absolute symbols

Heap_Size 00000400

Symbol: Heap_Size
   Definitions
      At line 39 in file ..\arm_startup_nrf51.s
   Uses
      At line 43 in file ..\arm_startup_nrf51.s
      At line 240 in file ..\arm_startup_nrf51.s

NRF_POWER_RAMONB_ADDRESS 40000554

Symbol: NRF_POWER_RAMONB_ADDRESS
   Definitions
      At line 117 in file ..\arm_startup_nrf51.s
   Uses
      At line 132 in file ..\arm_startup_nrf51.s
Comment: NRF_POWER_RAMONB_ADDRESS used once
NRF_POWER_RAMON_ADDRESS 40000524

Symbol: NRF_POWER_RAMON_ADDRESS
   Definitions
      At line 116 in file ..\arm_startup_nrf51.s
   Uses
      At line 127 in file ..\arm_startup_nrf51.s
Comment: NRF_POWER_RAMON_ADDRESS used once
NRF_POWER_RAMONx_RAMxON_ONMODE_Msk 00000003

Symbol: NRF_POWER_RAMONx_RAMxON_ONMODE_Msk
   Definitions
      At line 118 in file ..\arm_startup_nrf51.s
   Uses
      At line 125 in file ..\arm_startup_nrf51.s
Comment: NRF_POWER_RAMONx_RAMxON_ONMODE_Msk used once
Stack_Size 00000800

Symbol: Stack_Size
   Definitions
      At line 34 in file ..\arm_startup_nrf51.s
   Uses
      At line 36 in file ..\arm_startup_nrf51.s
      At line 239 in file ..\arm_startup_nrf51.s

__Vectors_Size 000000C0

Symbol: __Vectors_Size
   Definitions
      At line 110 in file ..\arm_startup_nrf51.s
   Uses
      At line 54 in file ..\arm_startup_nrf51.s
Comment: __Vectors_Size used once
6 symbols



ARM Macro Assembler    Page 1 Alphabetic symbol ordering
External symbols

SystemInit 00000000

Symbol: SystemInit
   Definitions
      At line 122 in file ..\arm_startup_nrf51.s
   Uses
      At line 137 in file ..\arm_startup_nrf51.s
Comment: SystemInit used once
__main 00000000

Symbol: __main
   Definitions
      At line 123 in file ..\arm_startup_nrf51.s
   Uses
      At line 139 in file ..\arm_startup_nrf51.s
Comment: __main used once
__use_two_region_memory 00000000

Symbol: __use_two_region_memory
   Definitions
      At line 234 in file ..\arm_startup_nrf51.s
   Uses
      None
Comment: __use_two_region_memory unused
3 symbols
387 symbols in table
